<?xml version="1.0" encoding="UTF-8"?>
<testsuite xmlns:xsi="http://www.w3.org/2001/XMLSchema-instance" xsi:noNamespaceSchemaLocation="https://maven.apache.org/surefire/maven-surefire-plugin/xsd/surefire-test-report-3.0.xsd" version="3.0" name="com.giaolang.util.mathutil.core.MathUtilDDTTest" time="0.103" tests="7" errors="0" skipped="0" failures="0">
  <properties>
    <property name="sun.desktop" value="windows"/>
    <property name="awt.toolkit" value="sun.awt.windows.WToolkit"/>
    <property name="file.encoding.pkg" value="sun.io"/>
    <property name="java.specification.version" value="1.8"/>
    <property name="sun.cpu.isalist" value="amd64"/>
    <property name="sun.jnu.encoding" value="Cp1252"/>
    <property name="java.class.path" value="D:\dowload\Downloads\giaolang\target\test-classes;D:\dowload\Downloads\giaolang\target\classes;C:\Users\VIP\.m2\repository\org\junit\jupiter\junit-jupiter\5.13.0\junit-jupiter-5.13.0.jar;C:\Users\VIP\.m2\repository\org\junit\jupiter\junit-jupiter-api\5.13.0\junit-jupiter-api-5.13.0.jar;C:\Users\VIP\.m2\repository\org\opentest4j\opentest4j\1.3.0\opentest4j-1.3.0.jar;C:\Users\VIP\.m2\repository\org\junit\platform\junit-platform-commons\1.13.0\junit-platform-commons-1.13.0.jar;C:\Users\VIP\.m2\repository\org\apiguardian\apiguardian-api\1.1.2\apiguardian-api-1.1.2.jar;C:\Users\VIP\.m2\repository\org\junit\jupiter\junit-jupiter-params\5.13.0\junit-jupiter-params-5.13.0.jar;C:\Users\VIP\.m2\repository\org\junit\jupiter\junit-jupiter-engine\5.13.0\junit-jupiter-engine-5.13.0.jar;C:\Users\VIP\.m2\repository\org\junit\platform\junit-platform-engine\1.13.0\junit-platform-engine-1.13.0.jar;"/>
    <property name="java.vm.vendor" value="Oracle Corporation"/>
    <property name="sun.arch.data.model" value="64"/>
    <property name="user.variant" value=""/>
    <property name="java.vendor.url" value="http://java.oracle.com/"/>
    <property name="user.timezone" value="Asia/Bangkok"/>
    <property name="java.vm.specification.version" value="1.8"/>
    <property name="os.name" value="Windows 10"/>
    <property name="user.country" value="US"/>
    <property name="sun.java.launcher" value="SUN_STANDARD"/>
    <property name="sun.boot.library.path" value="C:\Program Files\Java\jdk1.8.0_172\jre\bin"/>
    <property name="sun.java.command" value="C:\Users\VIP\AppData\Local\Temp\surefire9059813947258936345\surefirebooter-20250614103215739_3.jar C:\Users\VIP\AppData\Local\Temp\surefire9059813947258936345 2025-06-14T10-32-15_387-jvmRun1 surefire-20250614103215739_1tmp surefire_0-20250614103215739_2tmp"/>
    <property name="surefire.test.class.path" value="D:\dowload\Downloads\giaolang\target\test-classes;D:\dowload\Downloads\giaolang\target\classes;C:\Users\VIP\.m2\repository\org\junit\jupiter\junit-jupiter\5.13.0\junit-jupiter-5.13.0.jar;C:\Users\VIP\.m2\repository\org\junit\jupiter\junit-jupiter-api\5.13.0\junit-jupiter-api-5.13.0.jar;C:\Users\VIP\.m2\repository\org\opentest4j\opentest4j\1.3.0\opentest4j-1.3.0.jar;C:\Users\VIP\.m2\repository\org\junit\platform\junit-platform-commons\1.13.0\junit-platform-commons-1.13.0.jar;C:\Users\VIP\.m2\repository\org\apiguardian\apiguardian-api\1.1.2\apiguardian-api-1.1.2.jar;C:\Users\VIP\.m2\repository\org\junit\jupiter\junit-jupiter-params\5.13.0\junit-jupiter-params-5.13.0.jar;C:\Users\VIP\.m2\repository\org\junit\jupiter\junit-jupiter-engine\5.13.0\junit-jupiter-engine-5.13.0.jar;C:\Users\VIP\.m2\repository\org\junit\platform\junit-platform-engine\1.13.0\junit-platform-engine-1.13.0.jar;"/>
    <property name="sun.cpu.endian" value="little"/>
    <property name="user.home" value="C:\Users\VIP"/>
    <property name="user.language" value="en"/>
    <property name="java.specification.vendor" value="Oracle Corporation"/>
    <property name="java.home" value="C:\Program Files\Java\jdk1.8.0_172\jre"/>
    <property name="basedir" value="D:\dowload\Downloads\giaolang"/>
    <property name="file.separator" value="\"/>
    <property name="line.separator" value="&#10;"/>
    <property name="java.vm.specification.vendor" value="Oracle Corporation"/>
    <property name="java.specification.name" value="Java Platform API Specification"/>
    <property name="java.awt.graphicsenv" value="sun.awt.Win32GraphicsEnvironment"/>
    <property name="surefire.real.class.path" value="C:\Users\VIP\AppData\Local\Temp\surefire9059813947258936345\surefirebooter-20250614103215739_3.jar"/>
    <property name="sun.boot.class.path" value="C:\Program Files\Java\jdk1.8.0_172\jre\lib\resources.jar;C:\Program Files\Java\jdk1.8.0_172\jre\lib\rt.jar;C:\Program Files\Java\jdk1.8.0_172\jre\lib\sunrsasign.jar;C:\Program Files\Java\jdk1.8.0_172\jre\lib\jsse.jar;C:\Program Files\Java\jdk1.8.0_172\jre\lib\jce.jar;C:\Program Files\Java\jdk1.8.0_172\jre\lib\charsets.jar;C:\Program Files\Java\jdk1.8.0_172\jre\lib\jfr.jar;C:\Program Files\Java\jdk1.8.0_172\jre\classes"/>
    <property name="user.script" value=""/>
    <property name="sun.management.compiler" value="HotSpot 64-Bit Tiered Compilers"/>
    <property name="java.runtime.version" value="1.8.0_172-b11"/>
    <property name="user.name" value="VIP"/>
    <property name="path.separator" value=";"/>
    <property name="os.version" value="10.0"/>
    <property name="java.endorsed.dirs" value="C:\Program Files\Java\jdk1.8.0_172\jre\lib\endorsed"/>
    <property name="java.runtime.name" value="Java(TM) SE Runtime Environment"/>
    <property name="file.encoding" value="Cp1252"/>
    <property name="java.vm.name" value="Java HotSpot(TM) 64-Bit Server VM"/>
    <property name="localRepository" value="C:\Users\VIP\.m2\repository"/>
    <property name="java.vendor.url.bug" value="http://bugreport.sun.com/bugreport/"/>
    <property name="java.io.tmpdir" value="C:\Users\VIP\AppData\Local\Temp\"/>
    <property name="java.version" value="1.8.0_172"/>
    <property name="user.dir" value="D:\dowload\Downloads\giaolang"/>
    <property name="os.arch" value="amd64"/>
    <property name="java.vm.specification.name" value="Java Virtual Machine Specification"/>
    <property name="java.awt.printerjob" value="sun.awt.windows.WPrinterJob"/>
    <property name="sun.os.patch.level" value=""/>
    <property name="java.library.path" value="C:\Program Files\Java\jdk1.8.0_172\jre\bin;C:\WINDOWS\Sun\Java\bin;C:\WINDOWS\system32;C:\WINDOWS;C:\Users\VIP\AppData\Local\Microsoft\WindowsApps;C:\Users\VIP\IntelliJ IDEA 2024.3.5\bin;C:\Users\VIP\AppData\Local\Programs\cursor\resources\app\bin;C:\Users\VIP\AppData\Local\Programs\Microsoft VS Code\bin;C:\Users\VIP\.dotnet\tools;C:\Program Files\Java\jdk1.8.0_172\BIN;C:\Program Files\apache-maven-3.9.10\BIN;C:\Program Files\dotnet\;C:\Users\vip\AppData\Roaming\npm;C:\Program Files\nodejs\;C:\Users\VIP\AppData\Local\Microsoft\WindowsApps;C:\Users\VIP\IntelliJ IDEA 2024.3.5\bin;C:\Users\VIP\AppData\Local\Programs\Microsoft VS Code\bin;C:\Users\VIP\.dotnet\tools;C:\Windows\System32;C:\Program Files\dotnet\;C:\Users\VIP\AppData\Local\Programs\cursor\resources\app\bin;;C:\Users\VIP\.dotnet\tools;C:\Users\VIP\AppData\Roaming\npm;."/>
    <property name="java.vm.info" value="mixed mode"/>
    <property name="java.vendor" value="Oracle Corporation"/>
    <property name="java.vm.version" value="25.172-b11"/>
    <property name="java.ext.dirs" value="C:\Program Files\Java\jdk1.8.0_172\jre\lib\ext;C:\WINDOWS\Sun\Java\lib\ext"/>
    <property name="sun.io.unicode.encoding" value="UnicodeLittle"/>
    <property name="java.class.version" value="52.0"/>
  </properties>
  <testcase name="testFactorialGivenRightArgsRunWell(int, long)[1]" classname="com.giaolang.util.mathutil.core.MathUtilDDTTest" time="0.026"/>
  <testcase name="testFactorialGivenRightArgsRunWell(int, long)[2]" classname="com.giaolang.util.mathutil.core.MathUtilDDTTest" time="0.001"/>
  <testcase name="testFactorialGivenRightArgsRunWell(int, long)[3]" classname="com.giaolang.util.mathutil.core.MathUtilDDTTest" time="0.0"/>
  <testcase name="testFactorialGivenRightArgsRunWell(int, long)[4]" classname="com.giaolang.util.mathutil.core.MathUtilDDTTest" time="0.001"/>
  <testcase name="testFactorialGivenRightArgsRunWell(int, long)[5]" classname="com.giaolang.util.mathutil.core.MathUtilDDTTest" time="0.0"/>
  <testcase name="testFactorialGivenRightArgsRunWell(int, long)[6]" classname="com.giaolang.util.mathutil.core.MathUtilDDTTest" time="0.001"/>
  <testcase name="testFactorialGivenRightArgsRunWell(int, long)[7]" classname="com.giaolang.util.mathutil.core.MathUtilDDTTest" time="0.0"/>
</testsuite>